  main.cpp
C:\Users\Rober\College\4thYrSem1\CG\OpenGL_Project\Lab_1\main.cpp(49,2): warning C4091: 'typedef ': ignored on left of 'ModelData' when no variable is declared
C:\Users\Rober\College\4thYrSem1\CG\OpenGL_Project\Lab_1\main.cpp(139,28): warning C4305: 'initializing': truncation from 'double' to 'float'
C:\Users\Rober\College\4thYrSem1\CG\OpenGL_Project\Lab_1\main.cpp(139,37): warning C4305: 'initializing': truncation from 'double' to 'float'
C:\Users\Rober\College\4thYrSem1\CG\OpenGL_Project\Lab_1\main.cpp(139,44): warning C4305: 'initializing': truncation from 'double' to 'float'
C:\Users\Rober\College\4thYrSem1\CG\OpenGL_Project\Lab_1\main.cpp(139,53): warning C4305: 'initializing': truncation from 'double' to 'float'
C:\Users\Rober\College\4thYrSem1\CG\OpenGL_Project\Lab_1\main.cpp(139,60): warning C4305: 'initializing': truncation from 'double' to 'float'
C:\Users\Rober\College\4thYrSem1\CG\OpenGL_Project\Lab_1\main.cpp(139,68): warning C4305: 'initializing': truncation from 'double' to 'float'
C:\Users\Rober\College\4thYrSem1\CG\OpenGL_Project\Lab_1\main.cpp(139,76): warning C4305: 'initializing': truncation from 'double' to 'float'
C:\Users\Rober\College\4thYrSem1\CG\OpenGL_Project\Lab_1\main.cpp(140,33): warning C4305: 'initializing': truncation from 'double' to 'float'
C:\Users\Rober\College\4thYrSem1\CG\OpenGL_Project\Lab_1\main.cpp(140,39): warning C4305: 'initializing': truncation from 'double' to 'float'
C:\Users\Rober\College\4thYrSem1\CG\OpenGL_Project\Lab_1\main.cpp(140,53): warning C4305: 'initializing': truncation from 'double' to 'float'
C:\Users\Rober\College\4thYrSem1\CG\OpenGL_Project\Lab_1\main.cpp(140,60): warning C4305: 'initializing': truncation from 'double' to 'float'
C:\Users\Rober\College\4thYrSem1\CG\OpenGL_Project\Lab_1\main.cpp(140,67): warning C4305: 'initializing': truncation from 'double' to 'float'
C:\Users\Rober\College\4thYrSem1\CG\OpenGL_Project\Lab_1\main.cpp(142,25): warning C4305: 'initializing': truncation from 'double' to 'float'
C:\Users\Rober\College\4thYrSem1\CG\OpenGL_Project\Lab_1\main.cpp(142,34): warning C4305: 'initializing': truncation from 'double' to 'float'
C:\Users\Rober\College\4thYrSem1\CG\OpenGL_Project\Lab_1\main.cpp(142,41): warning C4305: 'initializing': truncation from 'double' to 'float'
C:\Users\Rober\College\4thYrSem1\CG\OpenGL_Project\Lab_1\main.cpp(142,50): warning C4305: 'initializing': truncation from 'double' to 'float'
C:\Users\Rober\College\4thYrSem1\CG\OpenGL_Project\Lab_1\main.cpp(142,57): warning C4305: 'initializing': truncation from 'double' to 'float'
C:\Users\Rober\College\4thYrSem1\CG\OpenGL_Project\Lab_1\main.cpp(142,65): warning C4305: 'initializing': truncation from 'double' to 'float'
C:\Users\Rober\College\4thYrSem1\CG\OpenGL_Project\Lab_1\main.cpp(142,72): warning C4305: 'initializing': truncation from 'double' to 'float'
C:\Users\Rober\College\4thYrSem1\CG\OpenGL_Project\Lab_1\main.cpp(142,80): warning C4305: 'initializing': truncation from 'double' to 'float'
C:\Users\Rober\College\4thYrSem1\CG\OpenGL_Project\Lab_1\main.cpp(142,88): warning C4305: 'initializing': truncation from 'double' to 'float'
C:\Users\Rober\College\4thYrSem1\CG\OpenGL_Project\Lab_1\main.cpp(142,96): warning C4305: 'initializing': truncation from 'double' to 'float'
C:\Users\Rober\College\4thYrSem1\CG\OpenGL_Project\Lab_1\main.cpp(142,104): warning C4305: 'initializing': truncation from 'double' to 'float'
C:\Users\Rober\College\4thYrSem1\CG\OpenGL_Project\Lab_1\main.cpp(142,112): warning C4305: 'initializing': truncation from 'double' to 'float'
C:\Users\Rober\College\4thYrSem1\CG\OpenGL_Project\Lab_1\main.cpp(142,121): warning C4305: 'initializing': truncation from 'double' to 'float'
C:\Users\Rober\College\4thYrSem1\CG\OpenGL_Project\Lab_1\main.cpp(142,129): warning C4305: 'initializing': truncation from 'double' to 'float'
C:\Users\Rober\College\4thYrSem1\CG\OpenGL_Project\Lab_1\main.cpp(142,142): warning C4305: 'initializing': truncation from 'double' to 'float'
C:\Users\Rober\College\4thYrSem1\CG\OpenGL_Project\Lab_1\main.cpp(142,148): warning C4305: 'initializing': truncation from 'double' to 'float'
C:\Users\Rober\College\4thYrSem1\CG\OpenGL_Project\Lab_1\main.cpp(142,162): warning C4305: 'initializing': truncation from 'double' to 'float'
C:\Users\Rober\College\4thYrSem1\CG\OpenGL_Project\Lab_1\main.cpp(142,169): warning C4305: 'initializing': truncation from 'double' to 'float'
C:\Users\Rober\College\4thYrSem1\CG\OpenGL_Project\Lab_1\main.cpp(142,176): warning C4305: 'initializing': truncation from 'double' to 'float'
C:\Users\Rober\College\4thYrSem1\CG\OpenGL_Project\Lab_1\main.cpp(143,31): warning C4305: 'initializing': truncation from 'double' to 'float'
C:\Users\Rober\College\4thYrSem1\CG\OpenGL_Project\Lab_1\main.cpp(143,37): warning C4305: 'initializing': truncation from 'double' to 'float'
C:\Users\Rober\College\4thYrSem1\CG\OpenGL_Project\Lab_1\main.cpp(143,51): warning C4305: 'initializing': truncation from 'double' to 'float'
C:\Users\Rober\College\4thYrSem1\CG\OpenGL_Project\Lab_1\main.cpp(143,58): warning C4305: 'initializing': truncation from 'double' to 'float'
C:\Users\Rober\College\4thYrSem1\CG\OpenGL_Project\Lab_1\main.cpp(143,65): warning C4305: 'initializing': truncation from 'double' to 'float'
C:\Users\Rober\College\4thYrSem1\CG\OpenGL_Project\Lab_1\main.cpp(143,71): warning C4305: 'initializing': truncation from 'double' to 'float'
C:\Users\Rober\College\4thYrSem1\CG\OpenGL_Project\Lab_1\main.cpp(143,80): warning C4305: 'initializing': truncation from 'double' to 'float'
C:\Users\Rober\College\4thYrSem1\CG\OpenGL_Project\Lab_1\main.cpp(143,87): warning C4305: 'initializing': truncation from 'double' to 'float'
C:\Users\Rober\College\4thYrSem1\CG\OpenGL_Project\Lab_1\main.cpp(143,96): warning C4305: 'initializing': truncation from 'double' to 'float'
C:\Users\Rober\College\4thYrSem1\CG\OpenGL_Project\Lab_1\main.cpp(143,103): warning C4305: 'initializing': truncation from 'double' to 'float'
C:\Users\Rober\College\4thYrSem1\CG\OpenGL_Project\Lab_1\main.cpp(143,111): warning C4305: 'initializing': truncation from 'double' to 'float'
C:\Users\Rober\College\4thYrSem1\CG\OpenGL_Project\Lab_1\main.cpp(143,118): warning C4305: 'initializing': truncation from 'double' to 'float'
C:\Users\Rober\College\4thYrSem1\CG\OpenGL_Project\Lab_1\main.cpp(143,126): warning C4305: 'initializing': truncation from 'double' to 'float'
C:\Users\Rober\College\4thYrSem1\CG\OpenGL_Project\Lab_1\main.cpp(143,134): warning C4305: 'initializing': truncation from 'double' to 'float'
C:\Users\Rober\College\4thYrSem1\CG\OpenGL_Project\Lab_1\main.cpp(143,142): warning C4305: 'initializing': truncation from 'double' to 'float'
C:\Users\Rober\College\4thYrSem1\CG\OpenGL_Project\Lab_1\main.cpp(143,150): warning C4305: 'initializing': truncation from 'double' to 'float'
C:\Users\Rober\College\4thYrSem1\CG\OpenGL_Project\Lab_1\main.cpp(143,158): warning C4305: 'initializing': truncation from 'double' to 'float'
C:\Users\Rober\College\4thYrSem1\CG\OpenGL_Project\Lab_1\main.cpp(143,167): warning C4305: 'initializing': truncation from 'double' to 'float'
C:\Users\Rober\College\4thYrSem1\CG\OpenGL_Project\Lab_1\main.cpp(143,175): warning C4305: 'initializing': truncation from 'double' to 'float'
C:\Users\Rober\College\4thYrSem1\CG\OpenGL_Project\Lab_1\main.cpp(501,12): warning C4244: '*=': conversion from 'float' to 'int', possible loss of data
C:\Users\Rober\College\4thYrSem1\CG\OpenGL_Project\Lab_1\main.cpp(502,12): warning C4244: '*=': conversion from 'float' to 'int', possible loss of data
  maths_funcs.cpp
  Generating code
  Previous IPDB not found, fall back to full compilation.
  All 578 functions were compiled because no usable IPDB/IOBJ from previous compilation was found.
  Finished generating code
  Lab_1.vcxproj -> C:\Users\Rober\College\4thYrSem1\CG\OpenGL_Project\Release\Lab_1.exe
